This is XeTeX, Version 3.14159265-2.6-0.999992 (TeX Live 2020/W32TeX) (preloaded format=xelatex 2021.1.28)  7 JUN 2021 11:26
entering extended mode
 restricted \write18 enabled.
 file:line:error style messages enabled.
 %&-line parsing enabled.
**c:/Users/panmeng/Desktop/毕设/电子与信息工程学院硕士研究生毕业论文latex模板v201912/Windows系统/main
(c:/Users/panmeng/Desktop/毕设/电子与信息工程学院硕士研究生毕业论文latex模板v201912/Windows系统/main.tex
LaTeX2e <2020-02-02> patch level 5
L3 programming layer <2020-03-06> (./classes/sysuthesis.cls

LaTeX Warning: You have requested document class `classes/sysuthesis',
               but the document class provides `sysuthesis'.

Document Class: sysuthesis 
(c:/texlive/2020/texmf-dist/tex/latex/ctex/ctexbook.cls (c:/texlive/2020/texmf-dist/tex/latex/l3kernel/expl3.sty
Package: expl3 2020-03-06 L3 programming layer (loader) 
 (c:/texlive/2020/texmf-dist/tex/latex/l3backend/l3backend-xdvipdfmx.def
File: l3backend-xdvipdfmx.def 2020-03-12 L3 backend support: xdvipdfmx
\g__graphics_track_int=\count163
\l__pdf_internal_box=\box45
\g__pdf_backend_object_int=\count164
\g__pdf_backend_annotation_int=\count165
))
Document Class: ctexbook 2019/05/29 v2.4.16 Chinese adapter for class book (CTEX)
(c:/texlive/2020/texmf-dist/tex/latex/l3packages/xparse/xparse.sty
Package: xparse 2020-03-06 L3 Experimental document command parser
\l__xparse_current_arg_int=\count166
\g__xparse_grabber_int=\count167
\l__xparse_m_args_int=\count168
\l__xparse_v_nesting_int=\count169
) (c:/texlive/2020/texmf-dist/tex/latex/l3packages/l3keys2e/l3keys2e.sty
Package: l3keys2e 2020-03-06 LaTeX2e option processing using LaTeX3 keys
) (c:/texlive/2020/texmf-dist/tex/latex/ctex/ctexhook.sty
Package: ctexhook 2019/05/29 v2.4.16 Document and package hooks (CTEX)
) (c:/texlive/2020/texmf-dist/tex/latex/ctex/ctexpatch.sty
Package: ctexpatch 2019/05/29 v2.4.16 Patching commands (CTEX)
) (c:/texlive/2020/texmf-dist/tex/latex/base/fix-cm.sty
Package: fix-cm 2015/01/14 v1.1t fixes to LaTeX
 (c:/texlive/2020/texmf-dist/tex/latex/base/ts1enc.def
File: ts1enc.def 2001/06/05 v3.0e (jk/car/fm) Standard LaTeX file
LaTeX Font Info:    Redeclaring font encoding TS1 on input line 47.
)) (c:/texlive/2020/texmf-dist/tex/latex/ms/everysel.sty
Package: everysel 2011/10/28 v1.2 EverySelectfont Package (MS)
)
\l__ctex_tmp_int=\count170
\l__ctex_tmp_box=\box46
\l__ctex_tmp_dim=\dimen134
\g__ctex_section_depth_int=\count171
\g__ctex_font_size_int=\count172
 (c:/texlive/2020/texmf-dist/tex/latex/ctex/config/ctexopts.cfg
File: ctexopts.cfg 2019/05/29 v2.4.16 Option configuration file (CTEX)
) (c:/texlive/2020/texmf-dist/tex/latex/base/book.cls
Document Class: book 2019/12/20 v1.4l Standard LaTeX document class
(c:/texlive/2020/texmf-dist/tex/latex/base/bk12.clo
File: bk12.clo 2019/12/20 v1.4l Standard LaTeX file (size option)
)
\c@part=\count173
\c@chapter=\count174
\c@section=\count175
\c@subsection=\count176
\c@subsubsection=\count177
\c@paragraph=\count178
\c@subparagraph=\count179
\c@figure=\count180
\c@table=\count181
\abovecaptionskip=\skip47
\belowcaptionskip=\skip48
\bibindent=\dimen135
) (c:/texlive/2020/texmf-dist/tex/latex/ctex/engine/ctex-engine-xetex.def
File: ctex-engine-xetex.def 2019/05/29 v2.4.16 XeLaTeX adapter (CTEX)
 (c:/texlive/2020/texmf-dist/tex/xelatex/xecjk/xeCJK.sty
Package: xeCJK 2020/02/18 v3.8.2 Typesetting CJK scripts with XeLaTeX
 (c:/texlive/2020/texmf-dist/tex/latex/l3packages/xtemplate/xtemplate.sty
Package: xtemplate 2020-03-06 L3 Experimental prototype document functions
\l__xtemplate_tmp_dim=\dimen136
\l__xtemplate_tmp_int=\count182
\l__xtemplate_tmp_muskip=\muskip16
\l__xtemplate_tmp_skip=\skip49
)
\l__xeCJK_tmp_int=\count183
\l__xeCJK_tmp_box=\box47
\l__xeCJK_tmp_dim=\dimen137
\l__xeCJK_tmp_skip=\skip50
\g__xeCJK_space_factor_int=\count184
\l__xeCJK_begin_int=\count185
\l__xeCJK_end_int=\count186
\c__xeCJK_CJK_class_int=\XeTeXcharclass1
\c__xeCJK_FullLeft_class_int=\XeTeXcharclass2
\c__xeCJK_FullRight_class_int=\XeTeXcharclass3
\c__xeCJK_HalfLeft_class_int=\XeTeXcharclass4
\c__xeCJK_HalfRight_class_int=\XeTeXcharclass5
\c__xeCJK_NormalSpace_class_int=\XeTeXcharclass6
\c__xeCJK_CM_class_int=\XeTeXcharclass7
\c__xeCJK_HangulJamo_class_int=\XeTeXcharclass8
\l__xeCJK_last_skip=\skip51
\g__xeCJK_node_int=\count187
\c__xeCJK_CJK_node_dim=\dimen138
\c__xeCJK_CJK-space_node_dim=\dimen139
\c__xeCJK_default_node_dim=\dimen140
\c__xeCJK_default-space_node_dim=\dimen141
\c__xeCJK_CJK-widow_node_dim=\dimen142
\c__xeCJK_normalspace_node_dim=\dimen143
\l__xeCJK_ccglue_skip=\skip52
\l__xeCJK_ecglue_skip=\skip53
\l__xeCJK_punct_kern_skip=\skip54
\l__xeCJK_last_penalty_int=\count188
\l__xeCJK_last_bound_dim=\dimen144
\l__xeCJK_last_kern_dim=\dimen145
\l__xeCJK_widow_penalty_int=\count189

Package xtemplate Info: Declaring object type 'xeCJK/punctuation' taking 0
(xtemplate)             argument(s) on line 2302.

\l__xeCJK_fixed_punct_width_dim=\dimen146
\l__xeCJK_mixed_punct_width_dim=\dimen147
\l__xeCJK_middle_punct_width_dim=\dimen148
\l__xeCJK_fixed_margin_width_dim=\dimen149
\l__xeCJK_mixed_margin_width_dim=\dimen150
\l__xeCJK_middle_margin_width_dim=\dimen151
\l__xeCJK_bound_punct_width_dim=\dimen152
\l__xeCJK_bound_margin_width_dim=\dimen153
\l__xeCJK_margin_minimum_dim=\dimen154
\l__xeCJK_kerning_total_width_dim=\dimen155
\l__xeCJK_same_align_margin_dim=\dimen156
\l__xeCJK_different_align_margin_dim=\dimen157
\l__xeCJK_kerning_margin_width_dim=\dimen158
\l__xeCJK_kerning_margin_minimum_dim=\dimen159
\l__xeCJK_bound_dim=\dimen160
\l__xeCJK_reverse_bound_dim=\dimen161
\l__xeCJK_margin_dim=\dimen162
\l__xeCJK_minimum_bound_dim=\dimen163
\l__xeCJK_kerning_margin_dim=\dimen164
\g__xeCJK_family_int=\count190
\l__xeCJK_fam_int=\count191
\g__xeCJK_fam_allocation_int=\count192
\l__xeCJK_verb_case_int=\count193
\l__xeCJK_verb_exspace_skip=\skip55
 (c:/texlive/2020/texmf-dist/tex/latex/fontspec/fontspec.sty
Package: fontspec 2020/02/21 v2.7i Font selection for XeLaTeX and LuaLaTeX
 (c:/texlive/2020/texmf-dist/tex/latex/fontspec/fontspec-xetex.sty
Package: fontspec-xetex 2020/02/21 v2.7i Font selection for XeLaTeX and LuaLaTeX
\l__fontspec_script_int=\count194
\l__fontspec_language_int=\count195
\l__fontspec_strnum_int=\count196
\l__fontspec_tmp_int=\count197
\l__fontspec_tmpa_int=\count198
\l__fontspec_tmpb_int=\count199
\l__fontspec_tmpc_int=\count266
\l__fontspec_em_int=\count267
\l__fontspec_emdef_int=\count268
\l__fontspec_strong_int=\count269
\l__fontspec_strongdef_int=\count270
\l__fontspec_tmpa_dim=\dimen165
\l__fontspec_tmpb_dim=\dimen166
\l__fontspec_tmpc_dim=\dimen167
 (c:/texlive/2020/texmf-dist/tex/latex/base/fontenc.sty
Package: fontenc 2020/02/11 v2.0o Standard LaTeX package
) (c:/texlive/2020/texmf-dist/tex/latex/fontspec/fontspec.cfg))) (c:/texlive/2020/texmf-dist/tex/xelatex/xecjk/xeCJK.cfg
File: xeCJK.cfg 2020/02/18 v3.8.2 Configuration file for xeCJK package
)) (c:/texlive/2020/texmf-dist/tex/xelatex/xecjk/xeCJKfntef.sty
Package: xeCJKfntef 2020/02/18 v3.8.2 xeCJK font effect
 (c:/texlive/2020/texmf-dist/tex/generic/ulem/ulem.sty
\UL@box=\box48
\UL@hyphenbox=\box49
\UL@skip=\skip56
\UL@hook=\toks15
\UL@height=\dimen168
\UL@pe=\count271
\UL@pixel=\dimen169
\ULC@box=\box50
Package: ulem 2019/11/18
\ULdepth=\dimen170
)
\l__xeCJK_space_skip=\skip57
\c__xeCJK_ulem-begin_node_dim=\dimen171
\c__xeCJK_null_box=\box51
\l__xeCJK_fntef_box=\box52
\l__xeCJK_under_symbol_box=\box53
\c__xeCJK_filll_skip=\skip58
)
\ccwd=\dimen172
\l__ctex_ccglue_skip=\skip59
)
\l__ctex_ziju_dim=\dimen173
 (c:/texlive/2020/texmf-dist/tex/latex/zhnumber/zhnumber.sty
Package: zhnumber 2019/04/07 v2.7 Typesetting numbers with Chinese glyphs
\l__zhnum_scale_int=\count272
 (c:/texlive/2020/texmf-dist/tex/latex/zhnumber/zhnumber-utf8.cfg
File: zhnumber-utf8.cfg 2019/04/07 v2.7 Chinese numerals with UTF8 encoding
))
\l__ctex_heading_skip=\skip60
 (c:/texlive/2020/texmf-dist/tex/latex/ctex/scheme/ctex-scheme-chinese-book.def
File: ctex-scheme-chinese-book.def 2019/05/29 v2.4.16 Chinese scheme for book (CTEX)
 (c:/texlive/2020/texmf-dist/tex/latex/ctex/config/ctex-name-utf8.cfg
File: ctex-name-utf8.cfg 2019/05/29 v2.4.16 Caption with encoding UTF8 (CTEX)
)) (c:/texlive/2020/texmf-dist/tex/latex/ctex/ctex-cs4size.clo
File: ctex-cs4size.clo 2019/05/29 v2.4.16 cs4size option (CTEX)
) (c:/texlive/2020/texmf-dist/tex/latex/ctex/fontset/ctex-fontset-windows.def
File: ctex-fontset-windows.def 2019/05/29 v2.4.16 Windows fonts definition (CTEX)
 (c:/texlive/2020/texmf-dist/tex/latex/ctex/fontset/ctex-fontset-windowsnew.def
File: ctex-fontset-windowsnew.def 2019/05/29 v2.4.16 Windows fonts definition for Vista or later version (CTEX)

Package fontspec Info: Could not resolve font "KaiTi/B" (it probably doesn't
(fontspec)             exist).


Package fontspec Info: Could not resolve font "SimHei/I" (it probably doesn't
(fontspec)             exist).


Package fontspec Info: Could not resolve font "SimSun/BI" (it probably doesn't
(fontspec)             exist).


Package fontspec Info: Font family 'SimSun(0)' created for font 'SimSun' with
(fontspec)             options
(fontspec)             [Script={CJK},BoldFont={SimHei},ItalicFont={KaiTi}].
(fontspec)              
(fontspec)              This font family consists of the following NFSS
(fontspec)             series/shapes:
(fontspec)              
(fontspec)             - 'normal' (m/n) with NFSS spec.:
(fontspec)             <->"SimSun/OT:script=hani;language=dflt;"
(fontspec)             - 'small caps'  (m/sc) with NFSS spec.: 
(fontspec)             - 'bold' (b/n) with NFSS spec.:
(fontspec)             <->"SimHei/OT:script=hani;language=dflt;"
(fontspec)             - 'bold small caps'  (b/sc) with NFSS spec.: 
(fontspec)             - 'italic' (m/it) with NFSS spec.:
(fontspec)             <->"KaiTi/OT:script=hani;language=dflt;"
(fontspec)             - 'italic small caps'  (m/scit) with NFSS spec.: 

))) (c:/texlive/2020/texmf-dist/tex/latex/ctex/config/ctex.cfg
File: ctex.cfg 2019/05/29 v2.4.16 Configuration file (CTEX)
)

Package fontspec Info: Font family 'TimesNewRoman(0)' created for font 'Times
(fontspec)             New Roman' with options [Ligatures=TeX].
(fontspec)              
(fontspec)              This font family consists of the following NFSS
(fontspec)             series/shapes:
(fontspec)              
(fontspec)             - 'normal' (m/n) with NFSS spec.: <->"Times New
(fontspec)             Roman/OT:script=latn;language=dflt;mapping=tex-text;"
(fontspec)             - 'small caps'  (m/sc) with NFSS spec.: <->"Times New
(fontspec)             Roman/OT:script=latn;language=dflt;+smcp;mapping=tex-text;"
(fontspec)             - 'bold' (b/n) with NFSS spec.: <->"Times New
(fontspec)             Roman/B/OT:script=latn;language=dflt;mapping=tex-text;"
(fontspec)             - 'bold small caps'  (b/sc) with NFSS spec.: <->"Times
(fontspec)             New
(fontspec)             Roman/B/OT:script=latn;language=dflt;+smcp;mapping=tex-text;"
(fontspec)             - 'italic' (m/it) with NFSS spec.: <->"Times New
(fontspec)             Roman/I/OT:script=latn;language=dflt;mapping=tex-text;"
(fontspec)             - 'italic small caps'  (m/scit) with NFSS spec.:
(fontspec)             <->"Times New
(fontspec)             Roman/I/OT:script=latn;language=dflt;+smcp;mapping=tex-text;"
(fontspec)             - 'bold italic' (b/it) with NFSS spec.: <->"Times New
(fontspec)             Roman/BI/OT:script=latn;language=dflt;mapping=tex-text;"
(fontspec)             - 'bold italic small caps'  (b/scit) with NFSS spec.:
(fontspec)             <->"Times New
(fontspec)             Roman/BI/OT:script=latn;language=dflt;+smcp;mapping=tex-text;"

 (c:/texlive/2020/texmf-dist/tex/latex/geometry/geometry.sty
Package: geometry 2020/01/02 v5.9 Page Geometry
 (c:/texlive/2020/texmf-dist/tex/latex/graphics/keyval.sty
Package: keyval 2014/10/28 v1.15 key=value parser (DPC)
\KV@toks@=\toks16
) (c:/texlive/2020/texmf-dist/tex/generic/iftex/ifvtex.sty
Package: ifvtex 2019/10/25 v1.7 ifvtex legacy package. Use iftex instead.
 (c:/texlive/2020/texmf-dist/tex/generic/iftex/iftex.sty
Package: iftex 2020/03/06 v1.0d TeX engine tests
))
\Gm@cnth=\count273
\Gm@cntv=\count274
\c@Gm@tempcnt=\count275
\Gm@bindingoffset=\dimen174
\Gm@wd@mp=\dimen175
\Gm@odd@mp=\dimen176
\Gm@even@mp=\dimen177
\Gm@layoutwidth=\dimen178
\Gm@layoutheight=\dimen179
\Gm@layouthoffset=\dimen180
\Gm@layoutvoffset=\dimen181
\Gm@dimlist=\toks17
) (c:/texlive/2020/texmf-dist/tex/latex/fancyhdr/fancyhdr.sty
Package: fancyhdr 2019/01/31 v3.10 Extensive control of page headers and footers
\f@nch@headwidth=\skip61
\f@nch@O@elh=\skip62
\f@nch@O@erh=\skip63
\f@nch@O@olh=\skip64
\f@nch@O@orh=\skip65
\f@nch@O@elf=\skip66
\f@nch@O@erf=\skip67
\f@nch@O@olf=\skip68
\f@nch@O@orf=\skip69
) (c:/texlive/2020/texmf-dist/tex/latex/booktabs/booktabs.sty
Package: booktabs 2020/01/12 v1.61803398 Publication quality tables
\heavyrulewidth=\dimen182
\lightrulewidth=\dimen183
\cmidrulewidth=\dimen184
\belowrulesep=\dimen185
\belowbottomsep=\dimen186
\aboverulesep=\dimen187
\abovetopsep=\dimen188
\cmidrulesep=\dimen189
\cmidrulekern=\dimen190
\defaultaddspace=\dimen191
\@cmidla=\count276
\@cmidlb=\count277
\@aboverulesep=\dimen192
\@belowrulesep=\dimen193
\@thisruleclass=\count278
\@lastruleclass=\count279
\@thisrulewidth=\dimen194
) (c:/texlive/2020/texmf-dist/tex/latex/tools/calc.sty
Package: calc 2017/05/25 v4.3 Infix arithmetic (KKT,FJ)
\calc@Acount=\count280
\calc@Bcount=\count281
\calc@Adimen=\dimen195
\calc@Bdimen=\dimen196
\calc@Askip=\skip70
\calc@Bskip=\skip71
LaTeX Info: Redefining \setlength on input line 80.
LaTeX Info: Redefining \addtolength on input line 81.
\calc@Ccount=\count282
\calc@Cskip=\skip72
) (c:/texlive/2020/texmf-dist/tex/latex/graphics/graphicx.sty
Package: graphicx 2019/11/30 v1.2a Enhanced LaTeX Graphics (DPC,SPQR)
 (c:/texlive/2020/texmf-dist/tex/latex/graphics/graphics.sty
Package: graphics 2019/11/30 v1.4a Standard LaTeX Graphics (DPC,SPQR)
 (c:/texlive/2020/texmf-dist/tex/latex/graphics/trig.sty
Package: trig 2016/01/03 v1.10 sin cos tan (DPC)
) (c:/texlive/2020/texmf-dist/tex/latex/graphics-cfg/graphics.cfg
File: graphics.cfg 2016/06/04 v1.11 sample graphics configuration
)
Package graphics Info: Driver file: xetex.def on input line 105.
 (c:/texlive/2020/texmf-dist/tex/latex/graphics-def/xetex.def
File: xetex.def 2017/06/24 v5.0h Graphics/color driver for xetex
))
\Gin@req@height=\dimen197
\Gin@req@width=\dimen198
) (c:/texlive/2020/texmf-dist/tex/latex/caption/caption.sty
Package: caption 2020/01/03 v3.4h Customizing captions (AR)
 (c:/texlive/2020/texmf-dist/tex/latex/caption/caption3.sty
Package: caption3 2020/01/03 v1.8h caption3 kernel (AR)
Package caption3 Info: TeX engine: e-TeX on input line 61.
\captionmargin=\dimen199
\captionmargin@=\dimen256
\captionwidth=\dimen257
\caption@tempdima=\dimen258
\caption@indent=\dimen259
\caption@parindent=\dimen260
\caption@hangindent=\dimen261
Package caption Info: Standard document class detected.
)
\c@caption@flags=\count283
\c@continuedfloat=\count284
) (c:/texlive/2020/texmf-dist/tex/latex/caption/subcaption.sty
Package: subcaption 2020/01/22 v1.3d Sub-captions (AR)
\c@subfigure=\count285
\c@subtable=\count286
) (c:/texlive/2020/texmf-dist/tex/latex/amsmath/amsmath.sty
Package: amsmath 2020/01/20 v2.17e AMS math features
\@mathmargin=\skip73

For additional information on amsmath, use the `?' option.
(c:/texlive/2020/texmf-dist/tex/latex/amsmath/amstext.sty
Package: amstext 2000/06/29 v2.01 AMS text
 (c:/texlive/2020/texmf-dist/tex/latex/amsmath/amsgen.sty
File: amsgen.sty 1999/11/30 v2.0 generic functions
\@emptytoks=\toks18
\ex@=\dimen262
)) (c:/texlive/2020/texmf-dist/tex/latex/amsmath/amsbsy.sty
Package: amsbsy 1999/11/29 v1.2d Bold Symbols
\pmbraise@=\dimen263
) (c:/texlive/2020/texmf-dist/tex/latex/amsmath/amsopn.sty
Package: amsopn 2016/03/08 v2.02 operator names
)
\inf@bad=\count287
LaTeX Info: Redefining \frac on input line 227.
\uproot@=\count288
\leftroot@=\count289
LaTeX Info: Redefining \overline on input line 389.
\classnum@=\count290
\DOTSCASE@=\count291
LaTeX Info: Redefining \ldots on input line 486.
LaTeX Info: Redefining \dots on input line 489.
LaTeX Info: Redefining \cdots on input line 610.
\Mathstrutbox@=\box54
\strutbox@=\box55
\big@size=\dimen264
LaTeX Font Info:    Redeclaring font encoding OML on input line 733.
LaTeX Font Info:    Redeclaring font encoding OMS on input line 734.
\macc@depth=\count292
\c@MaxMatrixCols=\count293
\dotsspace@=\muskip17
\c@parentequation=\count294
\dspbrk@lvl=\count295
\tag@help=\toks19
\row@=\count296
\column@=\count297
\maxfields@=\count298
\andhelp@=\toks20
\eqnshift@=\dimen265
\alignsep@=\dimen266
\tagshift@=\dimen267
\tagwidth@=\dimen268
\totwidth@=\dimen269
\lineht@=\dimen270
\@envbody=\toks21
\multlinegap=\skip74
\multlinetaggap=\skip75
\mathdisplay@stack=\toks22
LaTeX Info: Redefining \[ on input line 2859.
LaTeX Info: Redefining \] on input line 2860.
) (c:/texlive/2020/texmf-dist/tex/latex/amsfonts/amssymb.sty
Package: amssymb 2013/01/14 v3.01 AMS font symbols
 (c:/texlive/2020/texmf-dist/tex/latex/amsfonts/amsfonts.sty
Package: amsfonts 2013/01/14 v3.01 Basic AMSFonts support
\symAMSa=\mathgroup4
\symAMSb=\mathgroup5
LaTeX Font Info:    Redeclaring math symbol \hbar on input line 98.
LaTeX Font Info:    Overwriting math alphabet `\mathfrak' in version `bold'
(Font)                  U/euf/m/n --> U/euf/b/n on input line 106.
)) (c:/texlive/2020/texmf-dist/tex/latex/amscls/amsthm.sty
Package: amsthm 2017/10/31 v2.20.4
\thm@style=\toks23
\thm@bodyfont=\toks24
\thm@headfont=\toks25
\thm@notefont=\toks26
\thm@headpunct=\toks27
\thm@preskip=\skip76
\thm@postskip=\skip77
\thm@headsep=\skip78
\dth@everypar=\toks28
) (c:/texlive/2020/texmf-dist/tex/latex/listings/listings.sty
\lst@mode=\count299
\lst@gtempboxa=\box56
\lst@token=\toks29
\lst@length=\count300
\lst@currlwidth=\dimen271
\lst@column=\count301
\lst@pos=\count302
\lst@lostspace=\dimen272
\lst@width=\dimen273
\lst@newlines=\count303
\lst@lineno=\count304
\lst@maxwidth=\dimen274
 (c:/texlive/2020/texmf-dist/tex/latex/listings/lstmisc.sty
File: lstmisc.sty 2020/03/24 1.8d (Carsten Heinz)
\c@lstnumber=\count305
\lst@skipnumbers=\count306
\lst@framebox=\box57
) (c:/texlive/2020/texmf-dist/tex/latex/listings/listings.cfg
File: listings.cfg 2020/03/24 1.8d listings configuration
))
Package: listings 2020/03/24 1.8d (Carsten Heinz)
 (c:/texlive/2020/texmf-dist/tex/latex/tools/longtable.sty
Package: longtable 2020/01/07 v4.13 Multi-page Table package (DPC)
\LTleft=\skip79
\LTright=\skip80
\LTpre=\skip81
\LTpost=\skip82
\LTchunksize=\count307
\LTcapwidth=\dimen275
\LT@head=\box58
\LT@firsthead=\box59
\LT@foot=\box60
\LT@lastfoot=\box61
\LT@cols=\count308
\LT@rows=\count309
\c@LT@tables=\count310
\c@LT@chunks=\count311
\LT@p@ftn=\toks30
) (c:/texlive/2020/texmf-dist/tex/latex/placeins/placeins.sty
Package: placeins 2005/04/18  v 2.2
) (./packages/algorithm2e.sty

LaTeX Warning: You have requested package `packages/algorithm2e',
               but the package provides `algorithm2e'.

Package: algorithm2e 2013/01/06 v5.00 algorithms environments
\c@AlgoLine=\count312
(c:/texlive/2020/texmf-dist/tex/latex/base/ifthen.sty
Package: ifthen 2014/09/29 v1.1c Standard LaTeX ifthen package (DPC)
) (c:/texlive/2020/texmf-dist/tex/latex/tools/xspace.sty
Package: xspace 2014/10/28 v1.13 Space after command names (DPC,MH)
) (c:/texlive/2020/texmf-dist/tex/latex/relsize/relsize.sty
Package: relsize 2013/03/29 ver 4.1
)
********************************************************
Package `algorithm2e' Release 5.0 -- january 06 2013 --
- algorithm2e-announce@lirmm.fr mailing list for announcement about releases
- algorithm2e-discussion@lirmm.fr mailing list for discussion about package
subscribe by emailing sympa@lirmm.fr with 'subscribe <list> <firstname name>'
- Author: Christophe Fiorio (cfiorio@um2.fr)
********************************************************
\skiptotal=\skip83
\skiplinenumber=\skip84
\skiprule=\skip85
\skiphlne=\skip86
\skiptext=\skip87
\skiplength=\skip88
\algomargin=\skip89
\skipalgocfslide=\skip90
\algowidth=\dimen276
\inoutsize=\dimen277
\inoutindent=\dimen278
\interspacetitleruled=\dimen279
\interspacealgoruled=\dimen280
\interspacetitleboxruled=\dimen281
\algocf@inoutbox=\box62
\algocf@inputbox=\box63
\AlCapSkip=\skip91
\AlCapHSkip=\skip92
\algoskipindent=\skip93
\algocf@nlbox=\box64
\algocf@hangingbox=\box65
\algocf@untilbox=\box66
\algocf@skipuntil=\skip94
\algocf@capbox=\box67
\algoheightruledefault=\skip95
\algoheightrule=\skip96
\algotitleheightruledefault=\skip97
\algotitleheightrule=\skip98
\c@algocfline=\count313
\c@algocfproc=\count314
\c@algocf=\count315
\algocf@algoframe=\box68
\algocf@algobox=\box69
) (c:/texlive/2020/texmf-dist/tex/latex/enumitem/enumitem.sty
Package: enumitem 2019/06/20 v3.9 Customized lists
\labelindent=\skip99
\enit@outerparindent=\dimen282
\enit@toks=\toks31
\enit@inbox=\box70
\enit@count@id=\count316
\enitdp@description=\count317
) (c:/texlive/2020/texmf-dist/tex/latex/bbm-macros/bbm.sty
Package: bbm 1999/03/15 V 1.2 provides fonts for set symbols - TH
LaTeX Font Info:    Overwriting math alphabet `\mathbbm' in version `bold'
(Font)                  U/bbm/m/n --> U/bbm/bx/n on input line 33.
LaTeX Font Info:    Overwriting math alphabet `\mathbbmss' in version `bold'
(Font)                  U/bbmss/m/n --> U/bbmss/bx/n on input line 35.
) (c:/texlive/2020/texmf-dist/tex/latex/tools/bm.sty
Package: bm 2019/07/24 v1.2d Bold Symbol Support (DPC/FMi)
\symboldoperators=\mathgroup6
\symboldletters=\mathgroup7
\symboldsymbols=\mathgroup8
LaTeX Font Info:    Redeclaring math alphabet \mathbf on input line 141.
LaTeX Info: Redefining \bm on input line 209.
) (c:/texlive/2020/texmf-dist/tex/latex/tocbibind/tocbibind.sty
Package: tocbibind 2010/10/13 v1.5k extra ToC listings
Package tocbibind Info: The document has chapter divisions on input line 50.


Package tocbibind Note: Using chapter style headings, unless overridden.

) (c:/texlive/2020/texmf-dist/tex/latex/tocloft/tocloft.sty
Package: tocloft 2017/08/31 v2.3i parameterised ToC, etc., typesetting
Package tocloft Info: The document has chapter divisions on input line 51.
\cftparskip=\skip100
\cftbeforetoctitleskip=\skip101
\cftaftertoctitleskip=\skip102
\cftbeforepartskip=\skip103
\cftpartnumwidth=\skip104
\cftpartindent=\skip105
\cftbeforechapskip=\skip106
\cftchapindent=\skip107
\cftchapnumwidth=\skip108
\cftbeforesecskip=\skip109
\cftsecindent=\skip110
\cftsecnumwidth=\skip111
\cftbeforesubsecskip=\skip112
\cftsubsecindent=\skip113
\cftsubsecnumwidth=\skip114
\cftbeforesubsubsecskip=\skip115
\cftsubsubsecindent=\skip116
\cftsubsubsecnumwidth=\skip117
\cftbeforeparaskip=\skip118
\cftparaindent=\skip119
\cftparanumwidth=\skip120
\cftbeforesubparaskip=\skip121
\cftsubparaindent=\skip122
\cftsubparanumwidth=\skip123
\cftbeforeloftitleskip=\skip124
\cftafterloftitleskip=\skip125
\cftbeforefigskip=\skip126
\cftfigindent=\skip127
\cftfignumwidth=\skip128
\c@lofdepth=\count318
\c@lotdepth=\count319
\cftbeforelottitleskip=\skip129
\cftafterlottitleskip=\skip130
\cftbeforetabskip=\skip131
\cfttabindent=\skip132
\cfttabnumwidth=\skip133
) (c:/texlive/2020/texmf-dist/tex/latex/wrapfig/wrapfig.sty
\wrapoverhang=\dimen283
\WF@size=\dimen284
\c@WF@wrappedlines=\count320
\WF@box=\box71
\WF@everypar=\toks32
Package: wrapfig 2003/01/31  v 3.6
) (c:/texlive/2020/texmf-dist/tex/latex/colortbl/colortbl.sty
Package: colortbl 2020/01/04 v1.0e Color table columns (DPC)
 (c:/texlive/2020/texmf-dist/tex/latex/tools/array.sty
Package: array 2019/08/31 v2.4l Tabular extension package (FMi)
\col@sep=\dimen285
\ar@mcellbox=\box72
\extrarowheight=\dimen286
\NC@list=\toks33
\extratabsurround=\skip134
\backup@length=\skip135
\ar@cellbox=\box73
) (c:/texlive/2020/texmf-dist/tex/latex/graphics/color.sty
Package: color 2019/11/23 v1.2a Standard LaTeX Color (DPC)
 (c:/texlive/2020/texmf-dist/tex/latex/graphics-cfg/color.cfg
File: color.cfg 2016/01/02 v1.6 sample color configuration
)
Package color Info: Driver file: xetex.def on input line 147.
)
\everycr=\toks34
\minrowclearance=\skip136
) (c:/texlive/2020/texmf-dist/tex/latex/xcolor/xcolor.sty
Package: xcolor 2016/05/11 v2.12 LaTeX color extensions (UK)
 (c:/texlive/2020/texmf-dist/tex/latex/graphics-cfg/color.cfg
File: color.cfg 2016/01/02 v1.6 sample color configuration
)
Package xcolor Info: Driver file: xetex.def on input line 225.
LaTeX Info: Redefining \color on input line 709.
Package xcolor Info: Model `cmy' substituted by `cmy0' on input line 1348.
Package xcolor Info: Model `RGB' extended on input line 1364.
Package xcolor Info: Model `HTML' substituted by `rgb' on input line 1366.
Package xcolor Info: Model `Hsb' substituted by `hsb' on input line 1367.
Package xcolor Info: Model `tHsb' substituted by `hsb' on input line 1368.
Package xcolor Info: Model `HSB' substituted by `hsb' on input line 1369.
Package xcolor Info: Model `Gray' substituted by `gray' on input line 1370.
Package xcolor Info: Model `wave' substituted by `hsb' on input line 1371.
) (c:/texlive/2020/texmf-dist/tex/latex/makecell/makecell.sty
Package: makecell 2009/08/03 V0.1e Managing of Tab Column Heads and Cells
\rotheadsize=\dimen287
\c@nlinenum=\count321
\TeXr@lab=\toks35
) (c:/texlive/2020/texmf-dist/tex/latex/footmisc/footmisc.sty
Package: footmisc 2011/06/06 v5.5b a miscellany of footnote facilities
\FN@temptoken=\toks36
\footnotemargin=\dimen288
\c@pp@next@reset=\count322
\c@@fnserial=\count323
Package footmisc Info: Declaring symbol style bringhurst on input line 855.
Package footmisc Info: Declaring symbol style chicago on input line 863.
Package footmisc Info: Declaring symbol style wiley on input line 872.
Package footmisc Info: Declaring symbol style lamport-robust on input line 883.
Package footmisc Info: Declaring symbol style lamport* on input line 903.
Package footmisc Info: Declaring symbol style lamport*-robust on input line 924.
) (c:/texlive/2020/texmf-dist/tex/latex/setspace/setspace.sty
Package: setspace 2011/12/19 v6.7a set line spacing
) (c:/texlive/2020/texmf-dist/tex/latex/datetime/datetime.sty
Package: datetime 2015/03/20 v2.60 Date Time Package
 (c:/texlive/2020/texmf-dist/tex/latex/etoolbox/etoolbox.sty
Package: etoolbox 2019/09/21 v2.5h e-TeX tools for LaTeX (JAW)
\etb@tempcnta=\count324
) (c:/texlive/2020/texmf-dist/tex/latex/fmtcount/fmtcount.sty
Invalid UTF-8 byte or sequence at line 10 replaced by U+FFFD.
Invalid UTF-8 byte or sequence at line 22 replaced by U+FFFD.
Package: fmtcount 2020/01/30 v3.07
 (c:/texlive/2020/texmf-dist/tex/latex/xkeyval/xkeyval.sty
Package: xkeyval 2014/12/03 v2.7a package option processing (HA)
 (c:/texlive/2020/texmf-dist/tex/generic/xkeyval/xkeyval.tex (c:/texlive/2020/texmf-dist/tex/generic/xkeyval/xkvutils.tex
\XKV@toks=\toks37
\XKV@tempa@toks=\toks38
)
\XKV@depth=\count325
File: xkeyval.tex 2014/12/03 v2.7a key=value parser (HA)
)) (c:/texlive/2020/texmf-dist/tex/latex/fmtcount/fcprefix.sty
Invalid UTF-8 byte or sequence at line 10 replaced by U+FFFD.
Invalid UTF-8 byte or sequence at line 22 replaced by U+FFFD.
Package: fcprefix 2012/09/28
 (c:/texlive/2020/texmf-dist/tex/latex/fmtcount/fcnumparser.sty
Invalid UTF-8 byte or sequence at line 10 replaced by U+FFFD.
Invalid UTF-8 byte or sequence at line 22 replaced by U+FFFD.
Package: fcnumparser 2017/06/15
\fc@digit@counter=\count326
))
\c@padzeroesN=\count327
\fc@tmpcatcode=\count328
\@DT@modctr=\count329
\@ordinalctr=\count330
\@orgargctr=\count331
\@strctr=\count332
\@tmpstrctr=\count333
\@DT@loopN=\count334
\@DT@X=\count335
) (c:/texlive/2020/texmf-dist/tex/latex/datetime/datetime-defaults.sty
Package: datetime-defaults 2013/09/10
)
\@day=\count336
\@month=\count337
\@year=\count338
\c@HOUR=\count339
\c@HOURXII=\count340
\c@MINUTE=\count341
\c@TOHOUR=\count342
\c@TOMINUTE=\count343
\c@SECOND=\count344
\currenthour=\count345
\currentminute=\count346
\currentsecond=\count347
Package datetime Info: No datetime.cfg file found, using default settings on input line 308.
\@dtctr=\count348
\dayofyear=\count349
\dayofweek=\count350
LaTeX Info: Redefining \today on input line 736.
\dt@a=\toks39
\dt@b=\toks40
) (c:/texlive/2020/texmf-dist/tex/generic/nth/nth.sty
Package: nth 2002/02/27
) (c:/texlive/2020/texmf-dist/tex/latex/changepage/changepage.sty
Package: changepage 2009/10/20 v1.0c check page and change page layout
\c@cp@cntr=\count351
\cp@tempcnt=\count352
)
\c@theorem=\count353
\c@proposition=\count354
\c@lemma=\count355
\c@corollary=\count356
\c@definition=\count357
\c@remark=\count358
\c@eg=\count359
 (c:/texlive/2020/texmf-dist/tex/latex/natbib/natbib.sty
Package: natbib 2010/09/13 8.31b (PWD, AO)
\bibhang=\skip137
\bibsep=\skip138
LaTeX Info: Redefining \cite on input line 694.
\c@NAT@ctr=\count360
) (c:/texlive/2020/texmf-dist/tex/latex/hyperref/hyperref.sty
Package: hyperref 2020/01/14 v7.00d Hypertext links for LaTeX
 (c:/texlive/2020/texmf-dist/tex/generic/ltxcmds/ltxcmds.sty
Package: ltxcmds 2019/12/15 v1.24 LaTeX kernel commands for general use (HO)
) (c:/texlive/2020/texmf-dist/tex/latex/pdftexcmds/pdftexcmds.sty
Package: pdftexcmds 2019/11/24 v0.31 Utility functions of pdfTeX for LuaTeX (HO)
 (c:/texlive/2020/texmf-dist/tex/generic/infwarerr/infwarerr.sty
Package: infwarerr 2019/12/03 v1.5 Providing info/warning/error messages (HO)
)
Package pdftexcmds Info: \pdf@primitive is available.
Package pdftexcmds Info: \pdf@ifprimitive is available.
Package pdftexcmds Info: \pdfdraftmode not found.
) (c:/texlive/2020/texmf-dist/tex/generic/kvsetkeys/kvsetkeys.sty
Package: kvsetkeys 2019/12/15 v1.18 Key value parser (HO)
) (c:/texlive/2020/texmf-dist/tex/generic/kvdefinekeys/kvdefinekeys.sty
Package: kvdefinekeys 2019-12-19 v1.6 Define keys (HO)
) (c:/texlive/2020/texmf-dist/tex/generic/pdfescape/pdfescape.sty
Package: pdfescape 2019/12/09 v1.15 Implements pdfTeX's escape features (HO)
) (c:/texlive/2020/texmf-dist/tex/latex/hycolor/hycolor.sty
Package: hycolor 2020-01-27 v1.10 Color options for hyperref/bookmark (HO)
) (c:/texlive/2020/texmf-dist/tex/latex/letltxmacro/letltxmacro.sty
Package: letltxmacro 2019/12/03 v1.6 Let assignment for LaTeX macros (HO)
) (c:/texlive/2020/texmf-dist/tex/latex/auxhook/auxhook.sty
Package: auxhook 2019-12-17 v1.6 Hooks for auxiliary files (HO)
) (c:/texlive/2020/texmf-dist/tex/latex/kvoptions/kvoptions.sty
Package: kvoptions 2019/11/29 v3.13 Key value format for package options (HO)
)
\@linkdim=\dimen289
\Hy@linkcounter=\count361
\Hy@pagecounter=\count362
 (c:/texlive/2020/texmf-dist/tex/latex/hyperref/pd1enc.def
File: pd1enc.def 2020/01/14 v7.00d Hyperref: PDFDocEncoding definition (HO)
) (c:/texlive/2020/texmf-dist/tex/generic/intcalc/intcalc.sty
Package: intcalc 2019/12/15 v1.3 Expandable calculations with integers (HO)
) (c:/texlive/2020/texmf-dist/tex/generic/etexcmds/etexcmds.sty
Package: etexcmds 2019/12/15 v1.7 Avoid name clashes with e-TeX commands (HO)
)
\Hy@SavedSpaceFactor=\count363
Package hyperref Info: Option `unicode' set `true' on input line 4421.
 (c:/texlive/2020/texmf-dist/tex/latex/hyperref/puenc.def
File: puenc.def 2020/01/14 v7.00d Hyperref: PDF Unicode definition (HO)
)
Package hyperref Info: Option `hyperfootnotes' set `true' on input line 4421.
Package hyperref Info: Hyper figures OFF on input line 4547.
Package hyperref Info: Link nesting OFF on input line 4552.
Package hyperref Info: Hyper index ON on input line 4555.
Package hyperref Info: Plain pages OFF on input line 4562.
Package hyperref Info: Backreferencing OFF on input line 4567.
Package hyperref Info: Implicit mode ON; LaTeX internals redefined.
Package hyperref Info: Bookmarks ON on input line 4800.
\c@Hy@tempcnt=\count364
 (c:/texlive/2020/texmf-dist/tex/latex/url/url.sty
\Urlmuskip=\muskip18
Package: url 2013/09/16  ver 3.4  Verb mode for urls, etc.
)
LaTeX Info: Redefining \url on input line 5159.
\XeTeXLinkMargin=\dimen290
 (c:/texlive/2020/texmf-dist/tex/generic/bitset/bitset.sty
Package: bitset 2019/12/09 v1.3 Handle bit-vector datatype (HO)
 (c:/texlive/2020/texmf-dist/tex/generic/bigintcalc/bigintcalc.sty
Package: bigintcalc 2019/12/15 v1.5 Expandable calculations on big integers (HO)
))
\Fld@menulength=\count365
\Field@Width=\dimen291
\Fld@charsize=\dimen292
Package hyperref Info: Hyper figures OFF on input line 6430.
Package hyperref Info: Link nesting OFF on input line 6435.
Package hyperref Info: Hyper index ON on input line 6438.
Package hyperref Info: backreferencing OFF on input line 6445.
Package hyperref Info: Link coloring OFF on input line 6450.
Package hyperref Info: Link coloring with OCG OFF on input line 6455.
Package hyperref Info: PDF/A mode OFF on input line 6460.
LaTeX Info: Redefining \ref on input line 6500.
LaTeX Info: Redefining \pageref on input line 6504.
 (c:/texlive/2020/texmf-dist/tex/generic/atbegshi/atbegshi.sty
Package: atbegshi 2019/12/05 v1.19 At begin shipout hook (HO)
)
\Hy@abspage=\count366
\c@Item=\count367
\c@Hfootnote=\count368
)
Package hyperref Info: Driver (autodetected): hxetex.
 (c:/texlive/2020/texmf-dist/tex/latex/hyperref/hxetex.def
File: hxetex.def 2020/01/14 v7.00d Hyperref driver for XeTeX
 (c:/texlive/2020/texmf-dist/tex/generic/stringenc/stringenc.sty
Package: stringenc 2019/11/29 v1.12 Convert strings between diff. encodings (HO)
)
\pdfm@box=\box74
\c@Hy@AnnotLevel=\count369
\HyField@AnnotCount=\count370
\Fld@listcount=\count371
\c@bookmark@seq@number=\count372
 (c:/texlive/2020/texmf-dist/tex/latex/rerunfilecheck/rerunfilecheck.sty
Package: rerunfilecheck 2019/12/05 v1.9 Rerun checks for auxiliary files (HO)
 (c:/texlive/2020/texmf-dist/tex/latex/atveryend/atveryend.sty
Package: atveryend 2019-12-11 v1.11 Hooks at the very end of document (HO)
) (c:/texlive/2020/texmf-dist/tex/generic/uniquecounter/uniquecounter.sty
Package: uniquecounter 2019/12/15 v1.4 Provide unlimited unique counter (HO)
)
Package uniquecounter Info: New unique counter `rerunfilecheck' on input line 286.
)
\Hy@SectionHShift=\skip139
) (c:/texlive/2020/texmf-dist/tex/latex/footnotebackref/footnotebackref.sty
Package: footnotebackref 2012/07/01 v1.0 Backreferences for footnotes (Holger Lange)
\c@BackrefHyperFootnoteCounter=\count373
)) (c:/texlive/2020/texmf-dist/tex/latex/multirow/multirow.sty
Package: multirow 2019/05/31 v2.5 Span multiple rows of a table
\multirow@colwidth=\skip140
\multirow@cntb=\count374
\multirow@dima=\skip141
\bigstrutjot=\dimen293
) (./docs/Information.tex) (./docs/Abstract.tex) (c:/texlive/2020/texmf-dist/tex/xelatex/xecjk/xeCJK-listings.sty
Package: xeCJK-listings 2020/02/18 v3.8.2 xeCJK patch file for listings
\l__xeCJK_listings_max_char_int=\count375
\l__xeCJK_listings_flag_int=\count376
) (./main.aux (./docs/Chapter_01.aux) (./docs/Chapter_02.aux) (./docs/Chapter_03.aux) (./docs/Chapter_04.aux) (./docs/Chapter_05.aux) (./docs/Achievement.aux) (./docs/Achieve.aux) (./docs/Acknowledgements.aux) (./docs/Postscript.aux))
\openout1 = `main.aux'.

LaTeX Font Info:    Checking defaults for OML/cmm/m/it on input line 8.
LaTeX Font Info:    ... okay on input line 8.
LaTeX Font Info:    Checking defaults for OMS/cmsy/m/n on input line 8.
LaTeX Font Info:    ... okay on input line 8.
LaTeX Font Info:    Checking defaults for OT1/cmr/m/n on input line 8.
LaTeX Font Info:    ... okay on input line 8.
LaTeX Font Info:    Checking defaults for T1/cmr/m/n on input line 8.
LaTeX Font Info:    ... okay on input line 8.
LaTeX Font Info:    Checking defaults for TS1/cmr/m/n on input line 8.
LaTeX Font Info:    ... okay on input line 8.
LaTeX Font Info:    Checking defaults for TU/lmr/m/n on input line 8.
LaTeX Font Info:    ... okay on input line 8.
LaTeX Font Info:    Checking defaults for OMX/cmex/m/n on input line 8.
LaTeX Font Info:    ... okay on input line 8.
LaTeX Font Info:    Checking defaults for U/cmr/m/n on input line 8.
LaTeX Font Info:    ... okay on input line 8.
LaTeX Font Info:    Checking defaults for PD1/pdf/m/n on input line 8.
LaTeX Font Info:    ... okay on input line 8.
LaTeX Font Info:    Checking defaults for PU/pdf/m/n on input line 8.
LaTeX Font Info:    ... okay on input line 8.
 ABD: EverySelectfont initializing macros
LaTeX Info: Redefining \selectfont on input line 8.

Package fontspec Info: Adjusting the maths setup (use [no-math] to avoid
(fontspec)             this).

\symlegacymaths=\mathgroup9
LaTeX Font Info:    Overwriting symbol font `legacymaths' in version `bold'
(Font)                  OT1/cmr/m/n --> OT1/cmr/bx/n on input line 8.
LaTeX Font Info:    Redeclaring math accent \acute on input line 8.
LaTeX Font Info:    Redeclaring math accent \grave on input line 8.
LaTeX Font Info:    Redeclaring math accent \ddot on input line 8.
LaTeX Font Info:    Redeclaring math accent \tilde on input line 8.
LaTeX Font Info:    Redeclaring math accent \bar on input line 8.
LaTeX Font Info:    Redeclaring math accent \breve on input line 8.
LaTeX Font Info:    Redeclaring math accent \check on input line 8.
LaTeX Font Info:    Redeclaring math accent \hat on input line 8.
LaTeX Font Info:    Redeclaring math accent \dot on input line 8.
LaTeX Font Info:    Redeclaring math accent \mathring on input line 8.
LaTeX Font Info:    Redeclaring math symbol \Gamma on input line 8.
LaTeX Font Info:    Redeclaring math symbol \Delta on input line 8.
LaTeX Font Info:    Redeclaring math symbol \Theta on input line 8.
LaTeX Font Info:    Redeclaring math symbol \Lambda on input line 8.
LaTeX Font Info:    Redeclaring math symbol \Xi on input line 8.
LaTeX Font Info:    Redeclaring math symbol \Pi on input line 8.
LaTeX Font Info:    Redeclaring math symbol \Sigma on input line 8.
LaTeX Font Info:    Redeclaring math symbol \Upsilon on input line 8.
LaTeX Font Info:    Redeclaring math symbol \Phi on input line 8.
LaTeX Font Info:    Redeclaring math symbol \Psi on input line 8.
LaTeX Font Info:    Redeclaring math symbol \Omega on input line 8.
LaTeX Font Info:    Redeclaring math symbol \mathdollar on input line 8.
LaTeX Font Info:    Redeclaring symbol font `operators' on input line 8.
LaTeX Font Info:    Encoding `OT1' has changed to `TU' for symbol font
(Font)              `operators' in the math version `normal' on input line 8.
LaTeX Font Info:    Overwriting symbol font `operators' in version `normal'
(Font)                  OT1/cmr/m/n --> TU/TimesNewRoman(0)/m/n on input line 8.
LaTeX Font Info:    Encoding `OT1' has changed to `TU' for symbol font
(Font)              `operators' in the math version `bold' on input line 8.
LaTeX Font Info:    Overwriting symbol font `operators' in version `bold'
(Font)                  OT1/cmr/bx/n --> TU/TimesNewRoman(0)/m/n on input line 8.
LaTeX Font Info:    Overwriting symbol font `operators' in version `normal'
(Font)                  TU/TimesNewRoman(0)/m/n --> TU/TimesNewRoman(0)/m/n on input line 8.
LaTeX Font Info:    Overwriting math alphabet `\mathit' in version `normal'
(Font)                  OT1/cmr/m/it --> TU/TimesNewRoman(0)/m/it on input line 8.
LaTeX Font Info:    Overwriting math alphabet `\mathbf' in version `normal'
(Font)                  OT1/cmr/bx/n --> TU/TimesNewRoman(0)/b/n on input line 8.
LaTeX Font Info:    Overwriting math alphabet `\mathsf' in version `normal'
(Font)                  OT1/cmss/m/n --> TU/lmss/m/n on input line 8.
LaTeX Font Info:    Overwriting math alphabet `\mathtt' in version `normal'
(Font)                  OT1/cmtt/m/n --> TU/lmtt/m/n on input line 8.
LaTeX Font Info:    Overwriting symbol font `operators' in version `bold'
(Font)                  TU/TimesNewRoman(0)/m/n --> TU/TimesNewRoman(0)/b/n on input line 8.
LaTeX Font Info:    Overwriting math alphabet `\mathit' in version `bold'
(Font)                  OT1/cmr/bx/it --> TU/TimesNewRoman(0)/b/it on input line 8.
LaTeX Font Info:    Overwriting math alphabet `\mathsf' in version `bold'
(Font)                  OT1/cmss/bx/n --> TU/lmss/b/n on input line 8.
LaTeX Font Info:    Overwriting math alphabet `\mathtt' in version `bold'
(Font)                  OT1/cmtt/m/n --> TU/lmtt/b/n on input line 8.

*geometry* driver: auto-detecting
*geometry* detected driver: xetex
*geometry* verbose mode - [ preamble ] result:
* driver: xetex
* paper: <default>
* layout: <same size as paper>
* layoutoffset:(h,v)=(0.0pt,0.0pt)
* modes: twoside 
* h-part:(L,W,R)=(72.26999pt, 452.9679pt, 72.26999pt)
* v-part:(T,H,B)=(72.26999pt, 700.50687pt, 72.26999pt)
* \paperwidth=597.50787pt
* \paperheight=845.04684pt
* \textwidth=452.9679pt
* \textheight=700.50687pt
* \oddsidemargin=0.0pt
* \evensidemargin=0.0pt
* \topmargin=-158.99376pt
* \headheight=144.54pt
* \headsep=14.45377pt
* \topskip=12.0pt
* \footskip=30.0pt
* \marginparwidth=88.0pt
* \marginparsep=7.0pt
* \columnsep=10.0pt
* \skip\footins=10.8pt plus 4.0pt minus 2.0pt
* \hoffset=0.0pt
* \voffset=0.0pt
* \mag=1000
* \@twocolumnfalse
* \@twosidetrue
* \@mparswitchtrue
* \@reversemarginfalse
* (1in=72.27pt=25.4mm, 1cm=28.453pt)

Package caption Info: Begin \AtBeginDocument code.
Package caption Info: hyperref package is loaded.
Package caption Info: listings package is loaded.
Package caption Info: longtable package is loaded.
(c:/texlive/2020/texmf-dist/tex/latex/caption/ltcaption.sty
Package: ltcaption 2018/08/26 v1.4a longtable captions (AR)
)
Package caption Info: wrapfig package is loaded.
Package caption Info: End \AtBeginDocument code.
\c@lstlisting=\count377
 (c:/texlive/2020/texmf-dist/tex/latex/fmtcount/fc-english.def
Invalid UTF-8 byte or sequence at line 10 replaced by U+FFFD.
Invalid UTF-8 byte or sequence at line 22 replaced by U+FFFD.
File: fc-english.def 2016/01/12
)
Package hyperref Info: Option `CJKbookmarks' set `true' on input line 8.
\AtBeginShipoutBox=\box75
Package hyperref Info: Link coloring OFF on input line 8.
 (c:/texlive/2020/texmf-dist/tex/latex/hyperref/nameref.sty
Package: nameref 2019/09/16 v2.46 Cross-referencing by name of section
 (c:/texlive/2020/texmf-dist/tex/latex/refcount/refcount.sty
Package: refcount 2019/12/15 v3.6 Data extraction from label references (HO)
) (c:/texlive/2020/texmf-dist/tex/generic/gettitlestring/gettitlestring.sty
Package: gettitlestring 2019/12/15 v1.6 Cleanup title references (HO)
)
\c@section@level=\count378
)
LaTeX Info: Redefining \ref on input line 8.
LaTeX Info: Redefining \pageref on input line 8.
LaTeX Info: Redefining \nameref on input line 8.
 (./main.out) (./main.out)
\@outlinefile=\write3
\openout3 = `main.out'.


Package fontspec Info: Could not resolve font "SimSun/BI" (it probably doesn't
(fontspec)             exist).


Package fontspec Info: Could not resolve font "SimSun/B" (it probably doesn't
(fontspec)             exist).


Package fontspec Info: Could not resolve font "SimSun/I" (it probably doesn't
(fontspec)             exist).


Package fontspec Info: Font family 'SimSun(1)' created for font 'SimSun' with
(fontspec)             options [Script={CJK}].
(fontspec)              
(fontspec)              This font family consists of the following NFSS
(fontspec)             series/shapes:
(fontspec)              
(fontspec)             - 'normal' (m/n) with NFSS spec.:
(fontspec)             <->"SimSun/OT:script=hani;language=dflt;"
(fontspec)             - 'small caps'  (m/sc) with NFSS spec.: 



LaTeX Font Warning: Font shape `TU/SimSun(1)/b/n' undefined
(Font)              using `TU/SimSun(1)/m/n' instead on input line 13.

LaTeX Font Info:    Trying to load font information for U+msa on input line 13.
(c:/texlive/2020/texmf-dist/tex/latex/amsfonts/umsa.fd
File: umsa.fd 2013/01/14 v3.01 AMS symbols A
)
LaTeX Font Info:    Trying to load font information for U+msb on input line 13.
 (c:/texlive/2020/texmf-dist/tex/latex/amsfonts/umsb.fd
File: umsb.fd 2013/01/14 v3.01 AMS symbols B
)
Overfull \hbox (27.65573pt too wide) in paragraph at lines 13--13
 [][] 
 []

[1



] [2


] (./docs/Disclaim.tex

Package fontspec Info: Could not resolve font "FangSong/BI" (it probably
(fontspec)             doesn't exist).


Package fontspec Info: Could not resolve font "FangSong/B" (it probably
(fontspec)             doesn't exist).


Package fontspec Info: Could not resolve font "FangSong/I" (it probably
(fontspec)             doesn't exist).


Package fontspec Info: Font family 'FangSong(0)' created for font 'FangSong'
(fontspec)             with options [Script={CJK}].
(fontspec)              
(fontspec)              This font family consists of the following NFSS
(fontspec)             series/shapes:
(fontspec)              
(fontspec)             - 'normal' (m/n) with NFSS spec.:
(fontspec)             <->"FangSong/OT:script=hani;language=dflt;"
(fontspec)             - 'small caps'  (m/sc) with NFSS spec.: 


Package fontspec Info: Could not resolve font "SimHei/BI" (it probably doesn't
(fontspec)             exist).


Package fontspec Info: Could not resolve font "SimHei/B" (it probably doesn't
(fontspec)             exist).


Package fontspec Info: Could not resolve font "SimHei/I" (it probably doesn't
(fontspec)             exist).


Package fontspec Info: Font family 'SimHei(0)' created for font 'SimHei' with
(fontspec)             options [Script={CJK}].
(fontspec)              
(fontspec)              This font family consists of the following NFSS
(fontspec)             series/shapes:
(fontspec)              
(fontspec)             - 'normal' (m/n) with NFSS spec.:
(fontspec)             <->"SimHei/OT:script=hani;language=dflt;"
(fontspec)             - 'small caps'  (m/sc) with NFSS spec.: 



LaTeX Font Warning: Font shape `TU/SimHei(0)/b/n' undefined
(Font)              using `TU/SimHei(0)/m/n' instead on input line 1.

) [3

] [4


] [1] [2


] [3] [4


] (./main.toc [5])
\tf@toc=\write4
\openout4 = `main.toc'.

 [6]
\openout2 = `docs/Chapter_01.aux'.

 (./docs/Chapter_01.tex
第1章
[1




]
Underfull \vbox (badness 10000) has occurred while \output is active []

 [2]
Underfull \vbox (badness 3919) has occurred while \output is active []

 [3] [4]
Underfull \vbox (badness 5771) has occurred while \output is active []

 [5]
File: figure/Sfm.pdf Graphic file (type pdf)
<use figure/Sfm.pdf>
File: figure/lr.pdf Graphic file (type pdf)
<use figure/lr.pdf>
 [6] [7]
File: figure/Pick.pdf Graphic file (type pdf)
<use figure/Pick.pdf>
 [8]) [9] [10



]
\openout2 = `docs/Chapter_02.aux'.

 (./docs/Chapter_02.tex
第2章
File: figure/Lenet.pdf Graphic file (type pdf)
<use figure/Lenet.pdf>
[11


] [12]
File: figure/stereo_match.pdf Graphic file (type pdf)
<use figure/stereo_match.pdf>
File: figure/stereo_theory.pdf Graphic file (type pdf)
<use figure/stereo_theory.pdf>
 [13] [14] [15] [16]) [17] [18]
\openout2 = `docs/Chapter_03.aux'.

 (./docs/Chapter_03.tex
第3章
File: figure/Stream_of_class.pdf Graphic file (type pdf)
<use figure/Stream_of_class.pdf>
[19





]
File: figure/Architecture.pdf Graphic file (type pdf)
<use figure/Architecture.pdf>
File: figure/FAM.pdf Graphic file (type pdf)
<use figure/FAM.pdf>

Underfull \vbox (badness 10000) has occurred while \output is active []

 [20]
Underfull \vbox (badness 10000) has occurred while \output is active []

 [21] [22]
Overfull \hbox (5.59265pt too wide) in paragraph at lines 156--172
 [][] 
 []


Overfull \hbox (6.28665pt too wide) in paragraph at lines 177--193
 [][] 
 []

[23]
File: figure/Pixel_cla_kitti/1rgb.png Graphic file (type bmp)
<figure/Pixel_cla_kitti/1rgb.png>
File: figure/Pixel_cla_kitti/2rgb.png Graphic file (type bmp)
<figure/Pixel_cla_kitti/2rgb.png>
File: figure/Pixel_cla_kitti/3rgb.png Graphic file (type bmp)
<figure/Pixel_cla_kitti/3rgb.png>
File: figure/Pixel_cla_kitti/4rgb.png Graphic file (type bmp)
<figure/Pixel_cla_kitti/4rgb.png>
File: figure/Pixel_cla_kitti/1gt.png Graphic file (type bmp)
<figure/Pixel_cla_kitti/1gt.png>
File: figure/Pixel_cla_kitti/2gt.png Graphic file (type bmp)
<figure/Pixel_cla_kitti/2gt.png>
File: figure/Pixel_cla_kitti/3gt.png Graphic file (type bmp)
<figure/Pixel_cla_kitti/3gt.png>
File: figure/Pixel_cla_kitti/4gt.png Graphic file (type bmp)
<figure/Pixel_cla_kitti/4gt.png>
File: figure/Pixel_cla_kitti/1res.png Graphic file (type bmp)
<figure/Pixel_cla_kitti/1res.png>
File: figure/Pixel_cla_kitti/2res.png Graphic file (type bmp)
<figure/Pixel_cla_kitti/2res.png>
File: figure/Pixel_cla_kitti/3res.png Graphic file (type bmp)
<figure/Pixel_cla_kitti/3res.png>
File: figure/Pixel_cla_kitti/4res.png Graphic file (type bmp)
<figure/Pixel_cla_kitti/4res.png>
File: figure/Pixel_cla_kitti/1eigen.png Graphic file (type bmp)
<figure/Pixel_cla_kitti/1eigen.png>
File: figure/Pixel_cla_kitti/2eigen.png Graphic file (type bmp)
<figure/Pixel_cla_kitti/2eigen.png>
File: figure/Pixel_cla_kitti/3eigen.png Graphic file (type bmp)
<figure/Pixel_cla_kitti/3eigen.png>
File: figure/Pixel_cla_kitti/4eigen.png Graphic file (type bmp)
<figure/Pixel_cla_kitti/4eigen.png>
File: figure/Pixel_cla_nyu/1rgb.jpg Graphic file (type bmp)
<figure/Pixel_cla_nyu/1rgb.jpg>
File: figure/Pixel_cla_nyu/2rgb.jpg Graphic file (type bmp)
<figure/Pixel_cla_nyu/2rgb.jpg>
File: figure/Pixel_cla_nyu/3rgb.jpg Graphic file (type bmp)
<figure/Pixel_cla_nyu/3rgb.jpg>
File: figure/Pixel_cla_nyu/4rgb.jpg Graphic file (type bmp)
<figure/Pixel_cla_nyu/4rgb.jpg>
File: figure/Pixel_cla_nyu/5rgb.jpg Graphic file (type bmp)
<figure/Pixel_cla_nyu/5rgb.jpg>
File: figure/Pixel_cla_nyu/1gt.jpg Graphic file (type bmp)
<figure/Pixel_cla_nyu/1gt.jpg>
File: figure/Pixel_cla_nyu/2gt.jpg Graphic file (type bmp)
<figure/Pixel_cla_nyu/2gt.jpg>
File: figure/Pixel_cla_nyu/3gt.jpg Graphic file (type bmp)
<figure/Pixel_cla_nyu/3gt.jpg>
File: figure/Pixel_cla_nyu/4gt.jpg Graphic file (type bmp)
<figure/Pixel_cla_nyu/4gt.jpg>
File: figure/Pixel_cla_nyu/5gt.jpg Graphic file (type bmp)
<figure/Pixel_cla_nyu/5gt.jpg>
File: figure/Pixel_cla_nyu/1res.jpg Graphic file (type bmp)
<figure/Pixel_cla_nyu/1res.jpg>
File: figure/Pixel_cla_nyu/2res.jpg Graphic file (type bmp)
<figure/Pixel_cla_nyu/2res.jpg>
File: figure/Pixel_cla_nyu/3res.jpg Graphic file (type bmp)
<figure/Pixel_cla_nyu/3res.jpg>
File: figure/Pixel_cla_nyu/4res.jpg Graphic file (type bmp)
<figure/Pixel_cla_nyu/4res.jpg>
File: figure/Pixel_cla_nyu/5res.jpg Graphic file (type bmp)
<figure/Pixel_cla_nyu/5res.jpg>
File: figure/Pixel_cla_nyu/1eigen.jpg Graphic file (type bmp)
<figure/Pixel_cla_nyu/1eigen.jpg>
File: figure/Pixel_cla_nyu/2eigen.jpg Graphic file (type bmp)
<figure/Pixel_cla_nyu/2eigen.jpg>
File: figure/Pixel_cla_nyu/3eigen.jpg Graphic file (type bmp)
<figure/Pixel_cla_nyu/3eigen.jpg>
File: figure/Pixel_cla_nyu/4eigen.jpg Graphic file (type bmp)
<figure/Pixel_cla_nyu/4eigen.jpg>
File: figure/Pixel_cla_nyu/5eigen.jpg Graphic file (type bmp)
<figure/Pixel_cla_nyu/5eigen.jpg>
 [24]
File: figure/Without_FAM/0.png Graphic file (type bmp)
<figure/Without_FAM/0.png>
File: figure/Without_FAM/1.png Graphic file (type bmp)
<figure/Without_FAM/1.png>
File: figure/Without_FAM/8.png Graphic file (type bmp)
<figure/Without_FAM/8.png>
File: figure/Without_FAM/14.png Graphic file (type bmp)
<figure/Without_FAM/14.png>
File: figure/FAM/0.png Graphic file (type bmp)
<figure/FAM/0.png>
File: figure/FAM/1.png Graphic file (type bmp)
<figure/FAM/1.png>
File: figure/FAM/8.png Graphic file (type bmp)
<figure/FAM/8.png>
File: figure/FAM/14.png Graphic file (type bmp)
<figure/FAM/14.png>
File: figure/Without_FAM/00000_colors.png Graphic file (type bmp)
<figure/Without_FAM/00000_colors.png>
File: figure/Without_FAM/00001_colors.png Graphic file (type bmp)
<figure/Without_FAM/00001_colors.png>
File: figure/Without_FAM/00008_colors.png Graphic file (type bmp)
<figure/Without_FAM/00008_colors.png>
File: figure/Without_FAM/00014_colors.png Graphic file (type bmp)
<figure/Without_FAM/00014_colors.png>
File: figure/FAM/00000_colors.png Graphic file (type bmp)
<figure/FAM/00000_colors.png>
File: figure/FAM/00001_colors.png Graphic file (type bmp)
<figure/FAM/00001_colors.png>
File: figure/FAM/00008_colors.png Graphic file (type bmp)
<figure/FAM/00008_colors.png>
File: figure/FAM/00014_colors.png Graphic file (type bmp)
<figure/FAM/00014_colors.png>
 [25]) [26] [27] [28



]
\openout2 = `docs/Chapter_04.aux'.

 (./docs/Chapter_04.tex
第4章
File: figure/nyu_class_fail.pdf Graphic file (type pdf)
<use figure/nyu_class_fail.pdf>
File: figure/kitti_bts_fail.pdf Graphic file (type pdf)
<use figure/kitti_bts_fail.pdf>
[29


]
File: figure/Stream.pdf Graphic file (type pdf)
<use figure/Stream.pdf>
File: figure/Bts_architecture.pdf Graphic file (type pdf)
<use figure/Bts_architecture.pdf>

Underfull \vbox (badness 2932) has occurred while \output is active []

 [30]
Underfull \vbox (badness 10000) has occurred while \output is active []

 [31]
Underfull \vbox (badness 3849) has occurred while \output is active []

 [32]
File: figure/conv_co.pdf Graphic file (type pdf)
<use figure/conv_co.pdf>
File: figure/fea_co.pdf Graphic file (type pdf)
<use figure/fea_co.pdf>

Underfull \vbox (badness 10000) has occurred while \output is active []

 [33] [34] [35]
File: figure/kitti_rgb/0000000000.png Graphic file (type bmp)
<figure/kitti_rgb/0000000000.png>
File: figure/kitti_rgb/0000000035.png Graphic file (type bmp)
<figure/kitti_rgb/0000000035.png>
File: figure/kitti_rgb/0000000260.png Graphic file (type bmp)
<figure/kitti_rgb/0000000260.png>
File: figure/kitti_rgb/0000000340.png Graphic file (type bmp)
<figure/kitti_rgb/0000000340.png>
File: figure/kitti_rgb/0000000388.png Graphic file (type bmp)
<figure/kitti_rgb/0000000388.png>
File: figure/kitti_rgb/0000000642.png Graphic file (type bmp)
<figure/kitti_rgb/0000000642.png>
File: figure/kitti_gt/26_52_00.png Graphic file (type bmp)
<figure/kitti_gt/26_52_00.png>
File: figure/kitti_gt/26_13_35.png Graphic file (type bmp)
<figure/kitti_gt/26_13_35.png>
File: figure/kitti_gt/26_09_260.png Graphic file (type bmp)
<figure/kitti_gt/26_09_260.png>
File: figure/kitti_gt/26_09_340.png Graphic file (type bmp)
<figure/kitti_gt/26_09_340.png>
File: figure/kitti_gt/26_09_388.png Graphic file (type bmp)
<figure/kitti_gt/26_09_388.png>
File: figure/kitti_gt/30_18_642.png Graphic file (type bmp)
<figure/kitti_gt/30_18_642.png>
File: figure/dorn/2011_09_26_drive_0052_sync_0000000000.png Graphic file (type bmp)
<figure/dorn/2011_09_26_drive_0052_sync_0000000000.png>
File: figure/dorn/2011_09_26_drive_0013_sync_0000000035.png Graphic file (type bmp)
<figure/dorn/2011_09_26_drive_0013_sync_0000000035.png>
File: figure/dorn/2011_09_26_drive_0009_sync_0000000260.png Graphic file (type bmp)
<figure/dorn/2011_09_26_drive_0009_sync_0000000260.png>
File: figure/dorn/2011_09_26_drive_0009_sync_0000000340.png Graphic file (type bmp)
<figure/dorn/2011_09_26_drive_0009_sync_0000000340.png>
File: figure/dorn/2011_09_26_drive_0009_sync_0000000388.png Graphic file (type bmp)
<figure/dorn/2011_09_26_drive_0009_sync_0000000388.png>
File: figure/dorn/2011_09_30_drive_0018_sync_0000000642.png Graphic file (type bmp)
<figure/dorn/2011_09_30_drive_0018_sync_0000000642.png>
File: figure/kitti_sfm/2011_09_26_drive_0052_sync_0000000000.png Graphic file (type bmp)
<figure/kitti_sfm/2011_09_26_drive_0052_sync_0000000000.png>
File: figure/kitti_sfm/2011_09_26_drive_0013_sync_0000000035.png Graphic file (type bmp)
<figure/kitti_sfm/2011_09_26_drive_0013_sync_0000000035.png>
File: figure/kitti_sfm/2011_09_26_drive_0009_sync_0000000260.png Graphic file (type bmp)
<figure/kitti_sfm/2011_09_26_drive_0009_sync_0000000260.png>
File: figure/kitti_sfm/2011_09_26_drive_0009_sync_0000000340.png Graphic file (type bmp)
<figure/kitti_sfm/2011_09_26_drive_0009_sync_0000000340.png>
File: figure/kitti_sfm/2011_09_26_drive_0009_sync_0000000388.png Graphic file (type bmp)
<figure/kitti_sfm/2011_09_26_drive_0009_sync_0000000388.png>
File: figure/kitti_sfm/2011_09_30_drive_0018_sync_0000000642.png Graphic file (type bmp)
<figure/kitti_sfm/2011_09_30_drive_0018_sync_0000000642.png>
File: figure/kitti_without/2011_09_26_drive_0052_sync_0000000000.png Graphic file (type bmp)
<figure/kitti_without/2011_09_26_drive_0052_sync_0000000000.png>
File: figure/kitti_without/2011_09_26_drive_0013_sync_0000000035.png Graphic file (type bmp)
<figure/kitti_without/2011_09_26_drive_0013_sync_0000000035.png>
File: figure/kitti_without/2011_09_26_drive_0009_sync_0000000260.png Graphic file (type bmp)
<figure/kitti_without/2011_09_26_drive_0009_sync_0000000260.png>
File: figure/kitti_without/2011_09_26_drive_0009_sync_0000000340.png Graphic file (type bmp)
<figure/kitti_without/2011_09_26_drive_0009_sync_0000000340.png>
File: figure/kitti_without/2011_09_26_drive_0009_sync_0000000388.png Graphic file (type bmp)
<figure/kitti_without/2011_09_26_drive_0009_sync_0000000388.png>
File: figure/kitti_without/2011_09_30_drive_0018_sync_0000000642.png Graphic file (type bmp)
<figure/kitti_without/2011_09_30_drive_0018_sync_0000000642.png>
File: figure/kitti_result/2011_09_26_drive_0052_sync_0000000000.png Graphic file (type bmp)
<figure/kitti_result/2011_09_26_drive_0052_sync_0000000000.png>
File: figure/kitti_result/2011_09_26_drive_0013_sync_0000000035.png Graphic file (type bmp)
<figure/kitti_result/2011_09_26_drive_0013_sync_0000000035.png>
File: figure/kitti_result/2011_09_26_drive_0009_sync_0000000260.png Graphic file (type bmp)
<figure/kitti_result/2011_09_26_drive_0009_sync_0000000260.png>
File: figure/kitti_result/2011_09_26_drive_0009_sync_0000000340.png Graphic file (type bmp)
<figure/kitti_result/2011_09_26_drive_0009_sync_0000000340.png>
File: figure/kitti_result/2011_09_26_drive_0009_sync_0000000388.png Graphic file (type bmp)
<figure/kitti_result/2011_09_26_drive_0009_sync_0000000388.png>
File: figure/kitti_result/2011_09_30_drive_0018_sync_0000000642.png Graphic file (type bmp)
<figure/kitti_result/2011_09_30_drive_0018_sync_0000000642.png>
File: figure/without_error.png Graphic file (type bmp)
<figure/without_error.png>
File: figure/our_error.png Graphic file (type bmp)
<figure/our_error.png>

Overfull \hbox (2.0075pt too wide) in paragraph at lines 445--453
[]$[]$ $[]$ 
 []

[36] [37]
File: figure/nyu_rgb/15.png Graphic file (type bmp)
<figure/nyu_rgb/15.png>
File: figure/nyu_gt/15.png Graphic file (type bmp)
<figure/nyu_gt/15.png>
File: figure/nyu_result/office_rgb_00015.png Graphic file (type bmp)
<figure/nyu_result/office_rgb_00015.png>
File: figure/nyu_without/office_rgb_00015.png Graphic file (type bmp)
<figure/nyu_without/office_rgb_00015.png>
File: figure/nyu_rgb/760.png Graphic file (type bmp)
<figure/nyu_rgb/760.png>
File: figure/nyu_gt/760.png Graphic file (type bmp)
<figure/nyu_gt/760.png>
File: figure/nyu_result/kitchen_rgb_00760.png Graphic file (type bmp)
<figure/nyu_result/kitchen_rgb_00760.png>
File: figure/nyu_without/kitchen_rgb_00760.png Graphic file (type bmp)
<figure/nyu_without/kitchen_rgb_00760.png>
File: figure/nyu_rgb/170.png Graphic file (type bmp)
<figure/nyu_rgb/170.png>
File: figure/nyu_gt/170.png Graphic file (type bmp)
<figure/nyu_gt/170.png>
File: figure/nyu_result/bedroom_rgb_00170.png Graphic file (type bmp)
<figure/nyu_result/bedroom_rgb_00170.png>
File: figure/nyu_without/bedroom_rgb_00170.png Graphic file (type bmp)
<figure/nyu_without/bedroom_rgb_00170.png>
File: figure/nyu_rgb/850.png Graphic file (type bmp)
<figure/nyu_rgb/850.png>
File: figure/nyu_gt/850.png Graphic file (type bmp)
<figure/nyu_gt/850.png>
File: figure/nyu_result/kitchen_rgb_00850.png Graphic file (type bmp)
<figure/nyu_result/kitchen_rgb_00850.png>
File: figure/nyu_without/kitchen_rgb_00850.png Graphic file (type bmp)
<figure/nyu_without/kitchen_rgb_00850.png>
File: figure/nyu_rgb/431.png Graphic file (type bmp)
<figure/nyu_rgb/431.png>
File: figure/nyu_gt/431.png Graphic file (type bmp)
<figure/nyu_gt/431.png>
File: figure/nyu_result/playroom_rgb_00431.png Graphic file (type bmp)
<figure/nyu_result/playroom_rgb_00431.png>
File: figure/nyu_without/playroom_rgb_00431.png Graphic file (type bmp)
<figure/nyu_without/playroom_rgb_00431.png>
File: figure/nyu_rgb/1078.png Graphic file (type bmp)
<figure/nyu_rgb/1078.png>
File: figure/nyu_gt/1078.png Graphic file (type bmp)
<figure/nyu_gt/1078.png>
File: figure/nyu_result/bedroom_rgb_01078.png Graphic file (type bmp)
<figure/nyu_result/bedroom_rgb_01078.png>
File: figure/nyu_without/bedroom_rgb_01078.png Graphic file (type bmp)
<figure/nyu_without/bedroom_rgb_01078.png>
File: figure/nyu_rgb/566.png Graphic file (type bmp)
<figure/nyu_rgb/566.png>
File: figure/nyu_gt/566.png Graphic file (type bmp)
<figure/nyu_gt/566.png>
File: figure/nyu_result/kitchen_rgb_00566.png Graphic file (type bmp)
<figure/nyu_result/kitchen_rgb_00566.png>
File: figure/nyu_without/kitchen_rgb_00566.png Graphic file (type bmp)
<figure/nyu_without/kitchen_rgb_00566.png>
File: figure/nyu_rgb/1149.png Graphic file (type bmp)
<figure/nyu_rgb/1149.png>
File: figure/nyu_gt/1149.png Graphic file (type bmp)
<figure/nyu_gt/1149.png>
File: figure/nyu_result/bedroom_rgb_01149.png Graphic file (type bmp)
<figure/nyu_result/bedroom_rgb_01149.png>
File: figure/nyu_without/bedroom_rgb_01149.png Graphic file (type bmp)
<figure/nyu_without/bedroom_rgb_01149.png>
File: figure/nyu_rgb/668.png Graphic file (type bmp)
<figure/nyu_rgb/668.png>
File: figure/nyu_gt/668.png Graphic file (type bmp)
<figure/nyu_gt/668.png>
File: figure/nyu_result/bathroom_rgb_00668.png Graphic file (type bmp)
<figure/nyu_result/bathroom_rgb_00668.png>
File: figure/nyu_without/bathroom_rgb_00668.png Graphic file (type bmp)
<figure/nyu_without/bathroom_rgb_00668.png>
File: figure/nyu_rgb/1313.png Graphic file (type bmp)
<figure/nyu_rgb/1313.png>
File: figure/nyu_gt/1313.png Graphic file (type bmp)
<figure/nyu_gt/1313.png>
File: figure/nyu_result/living_room_rgb_01313.png Graphic file (type bmp)
<figure/nyu_result/living_room_rgb_01313.png>
File: figure/nyu_without/living_room_rgb_01313.png Graphic file (type bmp)
<figure/nyu_without/living_room_rgb_01313.png>
File: figure/nyu_rgb/706.png Graphic file (type bmp)
<figure/nyu_rgb/706.png>
File: figure/nyu_gt/706.png Graphic file (type bmp)
<figure/nyu_gt/706.png>
File: figure/nyu_result/bathroom_rgb_00706.png Graphic file (type bmp)
<figure/nyu_result/bathroom_rgb_00706.png>
File: figure/nyu_without/bathroom_rgb_00706.png Graphic file (type bmp)
<figure/nyu_without/bathroom_rgb_00706.png>
File: figure/nyu_rgb/1399.png Graphic file (type bmp)
<figure/nyu_rgb/1399.png>
File: figure/nyu_gt/1399.png Graphic file (type bmp)
<figure/nyu_gt/1399.png>
File: figure/nyu_result/dining_room_rgb_01399.png Graphic file (type bmp)
<figure/nyu_result/dining_room_rgb_01399.png>
File: figure/nyu_without/dining_room_rgb_01399.png Graphic file (type bmp)
<figure/nyu_without/dining_room_rgb_01399.png>

Underfull \vbox (badness 10000) has occurred while \output is active []

 [38]) [39] [40



]
\openout2 = `docs/Chapter_05.aux'.

 (./docs/Chapter_05.tex
第5章
[41


]) [42] (./main.bbl
Underfull \hbox (badness 1635) in paragraph at lines 69--73
[]\TU/TimesNewRoman(0)/m/n/10.53937 SAXENA A, SCHULTE J, NG A Y. Depth estimation using monocular and stereo cues[C]
 []

[43




] [44] [45]) [46]
\openout2 = `docs/Achievement.aux'.

 (./docs/Achievement.tex) [47




]
\openout2 = `docs/Achieve.aux'.

 (./docs/Achieve.tex) [48



]
\openout2 = `docs/Acknowledgements.aux'.

 (./docs/Acknowledgements.tex) [49





] [50



]
\openout2 = `docs/Postscript.aux'.

 (./docs/Postscript.tex) [51


] [52



]
Package atveryend Info: Empty hook `BeforeClearDocument' on input line 68.
Package atveryend Info: Empty hook `AfterLastShipout' on input line 68.
 (./main.aux (./docs/Chapter_01.aux) (./docs/Chapter_02.aux) (./docs/Chapter_03.aux) (./docs/Chapter_04.aux) (./docs/Chapter_05.aux) (./docs/Achievement.aux) (./docs/Achieve.aux) (./docs/Acknowledgements.aux) (./docs/Postscript.aux))
Package atveryend Info: Empty hook `AtVeryEndDocument' on input line 68.
Package atveryend Info: Executing hook `AtEndAfterFileList' on input line 68.
Package rerunfilecheck Info: File `main.out' has not changed.
(rerunfilecheck)             Checksum: 18266A70E375E5849BFD427AA70183F1;3547.


LaTeX Font Warning: Some font shapes were not available, defaults substituted.

 ) 
Here is how much of TeX's memory you used:
 25575 strings out of 479418
 514528 string characters out of 5888105
 838498 words of memory out of 5000000
 42430 multiletter control sequences out of 15000+600000
 553786 words of font info for 172 fonts, out of 8000000 for 9000
 1348 hyphenation exceptions out of 8191
 63i,20n,86p,1095b,769s stack positions out of 5000i,500n,10000p,200000b,80000s

Output written on main.pdf (62 pages).
