\BOOKMARK [0][-]{paragraph*.2}{\376\377\144\130\211\201}{}% 1
\BOOKMARK [0][-]{paragraph*.3}{\376\377\000A\000B\000S\000T\000R\000A\000C\000T}{}% 2
\BOOKMARK [0][-]{chapter.1}{\376\377\137\025\212\000}{}% 3
\BOOKMARK [1][-]{section.1.1}{\376\377\220\011\230\230\200\314\146\157\116\016\141\017\116\111}{chapter.1}% 4
\BOOKMARK [1][-]{section.1.2}{\376\377\126\375\121\205\131\026\170\024\172\166\163\260\162\266\124\214\166\370\121\163\135\345\117\134}{chapter.1}% 5
\BOOKMARK [1][-]{section.1.3}{\376\377\147\054\145\207\166\204\170\024\172\166\121\205\133\271\116\016\116\073\211\201\135\345\117\134}{chapter.1}% 6
\BOOKMARK [1][-]{section.1.4}{\376\377\147\054\145\207\166\204\213\272\145\207\176\323\147\204\116\016\172\340\202\202\133\211\143\222}{chapter.1}% 7
\BOOKMARK [0][-]{chapter.2}{\376\377\155\361\136\246\133\146\116\140\124\214\155\361\136\246\117\060\213\241\151\202\217\360}{}% 8
\BOOKMARK [1][-]{section.2.1}{\376\377\137\025\212\000}{chapter.2}% 9
\BOOKMARK [1][-]{section.2.2}{\376\377\155\361\136\246\133\146\116\140\151\202\217\360}{chapter.2}% 10
\BOOKMARK [1][-]{section.2.3}{\376\377\155\361\136\246\133\146\116\140\127\372\170\100}{chapter.2}% 11
\BOOKMARK [1][-]{section.2.4}{\376\377\123\314\166\356\155\361\136\246\117\060\213\241\127\372\170\100}{chapter.2}% 12
\BOOKMARK [1][-]{section.2.5}{\376\377\123\125\166\356\155\361\136\246\117\060\213\241\127\372\170\100}{chapter.2}% 13
\BOOKMARK [1][-]{section.2.6}{\376\377\147\054\172\340\134\017\176\323}{chapter.2}% 14
\BOOKMARK [0][-]{chapter.3}{\376\377\127\372\116\216\120\317\175\040\122\006\174\173\166\204\123\125\166\356\155\361\136\246\117\060\213\241\177\121\176\334}{}% 15
\BOOKMARK [1][-]{section.3.1}{\376\377\137\025\212\000}{chapter.3}% 16
\BOOKMARK [1][-]{section.3.2}{\376\377\127\372\116\216\120\317\175\040\122\006\174\173\166\204\123\125\166\356\155\361\136\246\117\060\213\241\177\121\176\334}{chapter.3}% 17
\BOOKMARK [1][-]{section.3.3}{\376\377\133\236\232\214\176\323\147\234\116\016\122\006\147\220}{chapter.3}% 18
\BOOKMARK [1][-]{section.3.4}{\376\377\147\054\172\340\134\017\176\323}{chapter.3}% 19
\BOOKMARK [0][-]{chapter.4}{\376\377\201\352\204\270\231\217\123\125\166\356\155\361\136\246\117\060\213\241\150\106\147\266}{}% 20
\BOOKMARK [1][-]{section.4.1}{\376\377\137\025\212\000}{chapter.4}% 21
\BOOKMARK [1][-]{section.4.2}{\376\377\201\352\204\270\231\217\123\125\166\356\155\361\136\246\117\060\213\241\150\106\147\266}{chapter.4}% 22
\BOOKMARK [1][-]{section.4.3}{\376\377\133\236\232\214\176\323\147\234\116\016\122\006\147\220}{chapter.4}% 23
\BOOKMARK [1][-]{section.4.4}{\376\377\147\054\172\340\134\017\176\323}{chapter.4}% 24
\BOOKMARK [0][-]{chapter.5}{\376\377\140\073\176\323\116\016\134\125\147\033}{}% 25
\BOOKMARK [1][-]{section.5.1}{\376\377\135\345\117\134\140\073\176\323}{chapter.5}% 26
\BOOKMARK [1][-]{section.5.2}{\376\377\170\024\172\166\134\125\147\033}{chapter.5}% 27
\BOOKMARK [0][-]{chapter*.29}{\376\377\123\302\200\003\145\207\163\056}{}% 28
\BOOKMARK [0][-]{chapter*.30}{\376\377\145\073\213\373\170\125\130\353\133\146\117\115\147\037\225\364\166\370\121\163\166\204\171\321\170\024\142\020\147\234}{}% 29
\BOOKMARK [0][-]{chapter*.31}{\376\377\145\073\213\373\170\125\130\353\133\146\117\115\147\037\225\364\123\302\116\016\166\204\171\321\170\024\230\171\166\356}{}% 30
\BOOKMARK [0][-]{chapter*.32}{\376\377\201\364\214\042}{}% 31
\BOOKMARK [0][-]{chapter*.33}{\376\377\116\055\134\161\131\047\133\146\133\146\117\115\213\272\145\207\162\110\147\103\117\177\165\050\143\210\147\103\116\146}{}% 32
